<?xml version="1.0"?>
<testsuites>
<testsuite xmlns:xsi="http://www.w3.org/2001/XMLSchema-instance" xsi:noNamespaceSchemaLocation="https://maven.apache.org/surefire/maven-surefire-plugin/xsd/surefire-test-report.xsd" name="com.devsu.hackerearth.backend.account.sampleTest" time="5.479" tests="3" errors="0" skipped="0" failures="0">
  
  <properties>
[...]
</properties>
  
  <testcase name="testGetTransactionById" classname="com.devsu.hackerearth.backend.account.sampleTest" time="0.136"/>
  
  <testcase name="testCreateTransaction" classname="com.devsu.hackerearth.backend.account.sampleTest" time="0.064"/>
  
  <testcase name="createAccountTest" classname="com.devsu.hackerearth.backend.account.sampleTest" time="0.013"/>
  
</testsuite>
<testsuite xmlns:xsi="http://www.w3.org/2001/XMLSchema-instance" xsi:noNamespaceSchemaLocation="https://maven.apache.org/surefire/maven-surefire-plugin/xsd/surefire-test-report.xsd" name="com.devsu.hackerearth.backend.client.sampleTest" time="4.428" tests="2" errors="0" skipped="0" failures="0">
  
  <properties>
[...]
</properties>
  
  <testcase name="testClientAssociationWithPerson" classname="com.devsu.hackerearth.backend.client.sampleTest" time="0.083"/>
  
  <testcase name="testClientAttributes" classname="com.devsu.hackerearth.backend.client.sampleTest" time="0.004"/>
  
</testsuite>
</testsuites>